This file contains any messages produced by compilers while
running configure, to aid debugging if configure makes a mistake.

It was created by asterix_bazar configure 0.1, which was
generated by GNU Autoconf 2.61.  Invocation command line was

  $ ./configure 

## --------- ##
## Platform. ##
## --------- ##

hostname = lks-desktop
uname -m = i686
uname -r = 2.6.24-16-generic
uname -s = Linux
uname -v = #1 SMP Thu Apr 10 13:23:42 UTC 2008

/usr/bin/uname -p = unknown
/bin/uname -X     = unknown

/bin/arch              = unknown
/usr/bin/arch -k       = unknown
/usr/convex/getsysinfo = unknown
/usr/bin/hostinfo      = unknown
/bin/machine           = unknown
/usr/bin/oslevel       = unknown
/bin/universe          = unknown

PATH: /usr/local/sbin
PATH: /usr/local/bin
PATH: /usr/sbin
PATH: /usr/bin
PATH: /sbin
PATH: /bin
PATH: /usr/games


## ----------- ##
## Core tests. ##
## ----------- ##

configure:1761: checking for a BSD-compatible install
configure:1817: result: /usr/bin/install -c
configure:1828: checking whether build environment is sane
configure:1871: result: yes
configure:1899: checking for a thread-safe mkdir -p
configure:1938: result: /bin/mkdir -p
configure:1951: checking for gawk
configure:1981: result: no
configure:1951: checking for mawk
configure:1967: found /usr/bin/mawk
configure:1978: result: mawk
configure:1989: checking whether make sets $(MAKE)
configure:2010: result: yes
configure:2200: checking whether to enable maintainer-specific portions of Makefiles
configure:2209: result: no
configure:2235: checking for style of include used by make
configure:2263: result: GNU
configure:2333: checking for gcc
configure:2349: found /usr/bin/gcc
configure:2360: result: gcc
configure:2598: checking for C compiler version
configure:2605: gcc --version >&5
gcc (GCC) 4.2.3 (Ubuntu 4.2.3-2ubuntu7)
Copyright (C) 2007 Free Software Foundation, Inc.
This is free software; see the source for copying conditions.  There is NO
warranty; not even for MERCHANTABILITY or FITNESS FOR A PARTICULAR PURPOSE.

configure:2608: $? = 0
configure:2615: gcc -v >&5
Using built-in specs.
Target: i486-linux-gnu
Configured with: ../src/configure -v --enable-languages=c,c++,fortran,objc,obj-c++,treelang --prefix=/usr --enable-shared --with-system-zlib --libexecdir=/usr/lib --without-included-gettext --enable-threads=posix --enable-nls --with-gxx-include-dir=/usr/include/c++/4.2 --program-suffix=-4.2 --enable-clocale=gnu --enable-libstdcxx-debug --enable-objc-gc --enable-mpfr --enable-targets=all --enable-checking=release --build=i486-linux-gnu --host=i486-linux-gnu --target=i486-linux-gnu
Thread model: posix
gcc version 4.2.3 (Ubuntu 4.2.3-2ubuntu7)
configure:2618: $? = 0
configure:2625: gcc -V >&5
gcc: '-V' option must have argument
configure:2628: $? = 1
configure:2651: checking for C compiler default output file name
configure:2678: gcc    conftest.c  >&5
configure:2681: $? = 0
configure:2719: result: a.out
configure:2736: checking whether the C compiler works
configure:2746: ./a.out
configure:2749: $? = 0
configure:2766: result: yes
configure:2773: checking whether we are cross compiling
configure:2775: result: no
configure:2778: checking for suffix of executables
configure:2785: gcc -o conftest    conftest.c  >&5
configure:2788: $? = 0
configure:2812: result: 
configure:2818: checking for suffix of object files
configure:2844: gcc -c   conftest.c >&5
configure:2847: $? = 0
configure:2870: result: o
configure:2874: checking whether we are using the GNU C compiler
configure:2903: gcc -c   conftest.c >&5
configure:2909: $? = 0
configure:2926: result: yes
configure:2931: checking whether gcc accepts -g
configure:2961: gcc -c -g  conftest.c >&5
configure:2967: $? = 0
configure:3066: result: yes
configure:3083: checking for gcc option to accept ISO C89
configure:3157: gcc  -c -g -O2  conftest.c >&5
configure:3163: $? = 0
configure:3186: result: none needed
configure:3206: checking dependency style of gcc
configure:3297: result: gcc3
configure:3313: checking for library containing strerror
configure:3354: gcc -o conftest -g -O2   conftest.c  >&5
configure:3360: $? = 0
configure:3388: result: none required
configure:3454: checking for g++
configure:3470: found /usr/bin/g++
configure:3481: result: g++
configure:3512: checking for C++ compiler version
configure:3519: g++ --version >&5
g++ (GCC) 4.2.3 (Ubuntu 4.2.3-2ubuntu7)
Copyright (C) 2007 Free Software Foundation, Inc.
This is free software; see the source for copying conditions.  There is NO
warranty; not even for MERCHANTABILITY or FITNESS FOR A PARTICULAR PURPOSE.

configure:3522: $? = 0
configure:3529: g++ -v >&5
Using built-in specs.
Target: i486-linux-gnu
Configured with: ../src/configure -v --enable-languages=c,c++,fortran,objc,obj-c++,treelang --prefix=/usr --enable-shared --with-system-zlib --libexecdir=/usr/lib --without-included-gettext --enable-threads=posix --enable-nls --with-gxx-include-dir=/usr/include/c++/4.2 --program-suffix=-4.2 --enable-clocale=gnu --enable-libstdcxx-debug --enable-objc-gc --enable-mpfr --enable-targets=all --enable-checking=release --build=i486-linux-gnu --host=i486-linux-gnu --target=i486-linux-gnu
Thread model: posix
gcc version 4.2.3 (Ubuntu 4.2.3-2ubuntu7)
configure:3532: $? = 0
configure:3539: g++ -V >&5
g++: '-V' option must have argument
configure:3542: $? = 1
configure:3545: checking whether we are using the GNU C++ compiler
configure:3574: g++ -c   conftest.cpp >&5
configure:3580: $? = 0
configure:3597: result: yes
configure:3602: checking whether g++ accepts -g
configure:3632: g++ -c -g  conftest.cpp >&5
configure:3638: $? = 0
configure:3737: result: yes
configure:3762: checking dependency style of g++
configure:3853: result: gcc3
configure:3916: checking for gcc
configure:3943: result: gcc
configure:4181: checking for C compiler version
configure:4188: gcc --version >&5
gcc (GCC) 4.2.3 (Ubuntu 4.2.3-2ubuntu7)
Copyright (C) 2007 Free Software Foundation, Inc.
This is free software; see the source for copying conditions.  There is NO
warranty; not even for MERCHANTABILITY or FITNESS FOR A PARTICULAR PURPOSE.

configure:4191: $? = 0
configure:4198: gcc -v >&5
Using built-in specs.
Target: i486-linux-gnu
Configured with: ../src/configure -v --enable-languages=c,c++,fortran,objc,obj-c++,treelang --prefix=/usr --enable-shared --with-system-zlib --libexecdir=/usr/lib --without-included-gettext --enable-threads=posix --enable-nls --with-gxx-include-dir=/usr/include/c++/4.2 --program-suffix=-4.2 --enable-clocale=gnu --enable-libstdcxx-debug --enable-objc-gc --enable-mpfr --enable-targets=all --enable-checking=release --build=i486-linux-gnu --host=i486-linux-gnu --target=i486-linux-gnu
Thread model: posix
gcc version 4.2.3 (Ubuntu 4.2.3-2ubuntu7)
configure:4201: $? = 0
configure:4208: gcc -V >&5
gcc: '-V' option must have argument
configure:4211: $? = 1
configure:4214: checking whether we are using the GNU C compiler
configure:4266: result: yes
configure:4271: checking whether gcc accepts -g
configure:4406: result: yes
configure:4423: checking for gcc option to accept ISO C89
configure:4526: result: none needed
configure:4546: checking dependency style of gcc
configure:4637: result: gcc3
configure:4660: checking how to run the C preprocessor
configure:4700: gcc -E  conftest.c
configure:4706: $? = 0
configure:4737: gcc -E  conftest.c
conftest.c:10:28: error: ac_nonexistent.h: No such file or directory
configure:4743: $? = 1
configure: failed program was:
| /* confdefs.h.  */
| #define PACKAGE_NAME "asterix_bazar"
| #define PACKAGE_TARNAME "asterix_bazar"
| #define PACKAGE_VERSION "0.1"
| #define PACKAGE_STRING "asterix_bazar 0.1"
| #define PACKAGE_BUGREPORT ""
| #define PACKAGE "asterix_bazar"
| #define VERSION "0.1"
| /* end confdefs.h.  */
| #include <ac_nonexistent.h>
configure:4776: result: gcc -E
configure:4805: gcc -E  conftest.c
configure:4811: $? = 0
configure:4842: gcc -E  conftest.c
conftest.c:10:28: error: ac_nonexistent.h: No such file or directory
configure:4848: $? = 1
configure: failed program was:
| /* confdefs.h.  */
| #define PACKAGE_NAME "asterix_bazar"
| #define PACKAGE_TARNAME "asterix_bazar"
| #define PACKAGE_VERSION "0.1"
| #define PACKAGE_STRING "asterix_bazar 0.1"
| #define PACKAGE_BUGREPORT ""
| #define PACKAGE "asterix_bazar"
| #define VERSION "0.1"
| /* end confdefs.h.  */
| #include <ac_nonexistent.h>
configure:4886: checking for grep that handles long lines and -e
configure:4960: result: /bin/grep
configure:4965: checking for egrep
configure:5043: result: /bin/grep -E
configure:5048: checking for ANSI C header files
configure:5078: gcc -c -g -O2  conftest.c >&5
configure:5084: $? = 0
configure:5183: gcc -o conftest -g -O2   conftest.c  >&5
configure:5186: $? = 0
configure:5192: ./conftest
configure:5195: $? = 0
configure:5212: result: yes
configure:5282: checking for pkg-config
configure:5300: found /usr/bin/pkg-config
configure:5312: result: /usr/bin/pkg-config
configure:5341: checking pkg-config is at least version 0.9.0
configure:5344: result: yes
configure:5355: checking for PACKAGE
configure:5363: $PKG_CONFIG --exists --print-errors "libxml-2.0 libxml++-2.6 glibmm-2.4"
configure:5366: $? = 0
configure:5381: $PKG_CONFIG --exists --print-errors "libxml-2.0 libxml++-2.6 glibmm-2.4"
configure:5384: $? = 0
configure:5460: result: yes
configure:5604: creating ./config.status

## ---------------------- ##
## Running config.status. ##
## ---------------------- ##

This file was extended by asterix_bazar config.status 0.1, which was
generated by GNU Autoconf 2.61.  Invocation command line was

  CONFIG_FILES    = 
  CONFIG_HEADERS  = 
  CONFIG_LINKS    = 
  CONFIG_COMMANDS = 
  $ ./config.status 

on lks-desktop

config.status:648: creating Makefile
config.status:648: creating src/Makefile
config.status:648: creating config.h
config.status:865: config.h is unchanged
config.status:912: executing depfiles commands

## ---------------- ##
## Cache variables. ##
## ---------------- ##

ac_cv_c_compiler_gnu=yes
ac_cv_cxx_compiler_gnu=yes
ac_cv_env_CCC_set=
ac_cv_env_CCC_value=
ac_cv_env_CC_set=
ac_cv_env_CC_value=
ac_cv_env_CFLAGS_set=
ac_cv_env_CFLAGS_value=
ac_cv_env_CPPFLAGS_set=
ac_cv_env_CPPFLAGS_value=
ac_cv_env_CPP_set=
ac_cv_env_CPP_value=
ac_cv_env_CXXFLAGS_set=
ac_cv_env_CXXFLAGS_value=
ac_cv_env_CXX_set=
ac_cv_env_CXX_value=
ac_cv_env_LDFLAGS_set=
ac_cv_env_LDFLAGS_value=
ac_cv_env_LIBS_set=
ac_cv_env_LIBS_value=
ac_cv_env_PACKAGE_CFLAGS_set=
ac_cv_env_PACKAGE_CFLAGS_value=
ac_cv_env_PACKAGE_LIBS_set=
ac_cv_env_PACKAGE_LIBS_value=
ac_cv_env_PKG_CONFIG_set=
ac_cv_env_PKG_CONFIG_value=
ac_cv_env_build_alias_set=
ac_cv_env_build_alias_value=
ac_cv_env_host_alias_set=
ac_cv_env_host_alias_value=
ac_cv_env_target_alias_set=
ac_cv_env_target_alias_value=
ac_cv_header_stdc=yes
ac_cv_objext=o
ac_cv_path_EGREP='/bin/grep -E'
ac_cv_path_GREP=/bin/grep
ac_cv_path_ac_pt_PKG_CONFIG=/usr/bin/pkg-config
ac_cv_path_install='/usr/bin/install -c'
ac_cv_path_mkdir=/bin/mkdir
ac_cv_prog_AWK=mawk
ac_cv_prog_CPP='gcc -E'
ac_cv_prog_ac_ct_CC=gcc
ac_cv_prog_ac_ct_CXX=g++
ac_cv_prog_cc_c89=
ac_cv_prog_cc_g=yes
ac_cv_prog_cxx_g=yes
ac_cv_prog_make_make_set=yes
ac_cv_search_strerror='none required'
am_cv_CC_dependencies_compiler_type=gcc3
am_cv_CXX_dependencies_compiler_type=gcc3
am_cv_prog_cc_stdc=
pkg_cv_PACKAGE_CFLAGS='-I/usr/include/libxml2 -I/usr/include/libxml++-2.6 -I/usr/lib/libxml++-2.6/include -I/usr/include/glibmm-2.4 -I/usr/lib/glibmm-2.4/include -I/usr/include/sigc++-2.0 -I/usr/lib/sigc++-2.0/include -I/usr/include/glib-2.0 -I/usr/lib/glib-2.0/include  '
pkg_cv_PACKAGE_LIBS='-lxml++-2.6 -lxml2 -lglibmm-2.4 -lgobject-2.0 -lsigc-2.0 -lglib-2.0  '

## ----------------- ##
## Output variables. ##
## ----------------- ##

ACLOCAL='${SHELL} /home/lucas/bazar/asterix-bazar/missing --run aclocal-1.10'
AMDEPBACKSLASH='\'
AMDEP_FALSE='#'
AMDEP_TRUE=''
AMTAR='${SHELL} /home/lucas/bazar/asterix-bazar/missing --run tar'
AUTOCONF='${SHELL} /home/lucas/bazar/asterix-bazar/missing --run autoconf'
AUTOHEADER='${SHELL} /home/lucas/bazar/asterix-bazar/missing --run autoheader'
AUTOMAKE='${SHELL} /home/lucas/bazar/asterix-bazar/missing --run automake-1.10'
AWK='mawk'
CC='gcc'
CCDEPMODE='depmode=gcc3'
CFLAGS='-g -O2'
CPP='gcc -E'
CPPFLAGS=''
CXX='g++'
CXXDEPMODE='depmode=gcc3'
CXXFLAGS='-g -O2'
CYGPATH_W='echo'
DEFS='-DHAVE_CONFIG_H'
DEPDIR='.deps'
ECHO_C=''
ECHO_N='-n'
ECHO_T=''
EGREP='/bin/grep -E'
EXEEXT=''
GREP='/bin/grep'
INSTALL_DATA='${INSTALL} -m 644'
INSTALL_PROGRAM='${INSTALL}'
INSTALL_SCRIPT='${INSTALL}'
INSTALL_STRIP_PROGRAM='$(install_sh) -c -s'
LDFLAGS=''
LIBOBJS=''
LIBS=''
LTLIBOBJS=''
MAINT='#'
MAINTAINER_MODE_FALSE=''
MAINTAINER_MODE_TRUE='#'
MAKEINFO='${SHELL} /home/lucas/bazar/asterix-bazar/missing --run makeinfo'
OBJEXT='o'
PACKAGE='asterix_bazar'
PACKAGE_BUGREPORT=''
PACKAGE_CFLAGS='-I/usr/include/libxml2 -I/usr/include/libxml++-2.6 -I/usr/lib/libxml++-2.6/include -I/usr/include/glibmm-2.4 -I/usr/lib/glibmm-2.4/include -I/usr/include/sigc++-2.0 -I/usr/lib/sigc++-2.0/include -I/usr/include/glib-2.0 -I/usr/lib/glib-2.0/include  '
PACKAGE_LIBS='-lxml++-2.6 -lxml2 -lglibmm-2.4 -lgobject-2.0 -lsigc-2.0 -lglib-2.0  '
PACKAGE_NAME='asterix_bazar'
PACKAGE_STRING='asterix_bazar 0.1'
PACKAGE_TARNAME='asterix_bazar'
PACKAGE_VERSION='0.1'
PATH_SEPARATOR=':'
PKG_CONFIG='/usr/bin/pkg-config'
SET_MAKE=''
SHELL='/bin/bash'
STRIP=''
VERSION='0.1'
ac_ct_CC='gcc'
ac_ct_CXX='g++'
am__fastdepCC_FALSE='#'
am__fastdepCC_TRUE=''
am__fastdepCXX_FALSE='#'
am__fastdepCXX_TRUE=''
am__include='include'
am__isrc=''
am__leading_dot='.'
am__quote=''
am__tar='${AMTAR} chof - "$$tardir"'
am__untar='${AMTAR} xf -'
bindir='${exec_prefix}/bin'
build_alias=''
datadir='${datarootdir}'
datarootdir='${prefix}/share'
docdir='${datarootdir}/doc/${PACKAGE_TARNAME}'
dvidir='${docdir}'
exec_prefix='${prefix}'
host_alias=''
htmldir='${docdir}'
includedir='${prefix}/include'
infodir='${datarootdir}/info'
install_sh='$(SHELL) /home/lucas/bazar/asterix-bazar/install-sh'
libdir='${exec_prefix}/lib'
libexecdir='${exec_prefix}/libexec'
localedir='${datarootdir}/locale'
localstatedir='${prefix}/var'
mandir='${datarootdir}/man'
mkdir_p='/bin/mkdir -p'
oldincludedir='/usr/include'
pdfdir='${docdir}'
prefix='/usr/local'
program_transform_name='s,x,x,'
psdir='${docdir}'
sbindir='${exec_prefix}/sbin'
sharedstatedir='${prefix}/com'
sysconfdir='${prefix}/etc'
target_alias=''

## ----------- ##
## confdefs.h. ##
## ----------- ##

#define PACKAGE_NAME "asterix_bazar"
#define PACKAGE_TARNAME "asterix_bazar"
#define PACKAGE_VERSION "0.1"
#define PACKAGE_STRING "asterix_bazar 0.1"
#define PACKAGE_BUGREPORT ""
#define PACKAGE "asterix_bazar"
#define VERSION "0.1"
#define STDC_HEADERS 1

configure: exit 0
