This file contains any messages produced by compilers while
running configure, to aid debugging if configure makes a mistake.

It was created by asterix_bazar configure 0.1, which was
generated by GNU Autoconf 2.61.  Invocation command line was

  $ ./configure --enable-maintainer-mode

## --------- ##
## Platform. ##
## --------- ##

hostname = lks-desktop
uname -m = i686
uname -r = 2.6.24-16-generic
uname -s = Linux
uname -v = #1 SMP Thu Apr 10 13:23:42 UTC 2008

/usr/bin/uname -p = unknown
/bin/uname -X     = unknown

/bin/arch              = unknown
/usr/bin/arch -k       = unknown
/usr/convex/getsysinfo = unknown
/usr/bin/hostinfo      = unknown
/bin/machine           = unknown
/usr/bin/oslevel       = unknown
/bin/universe          = unknown

PATH: /usr/local/sbin
PATH: /usr/local/bin
PATH: /usr/sbin
PATH: /usr/bin
PATH: /sbin
PATH: /bin
PATH: /usr/games


## ----------- ##
## Core tests. ##
## ----------- ##

configure:1750: checking for a BSD-compatible install
configure:1806: result: /usr/bin/install -c
configure:1817: checking whether build environment is sane
configure:1860: result: yes
configure:1888: checking for a thread-safe mkdir -p
configure:1927: result: /bin/mkdir -p
configure:1940: checking for gawk
configure:1970: result: no
configure:1940: checking for mawk
configure:1956: found /usr/bin/mawk
configure:1967: result: mawk
configure:1978: checking whether make sets $(MAKE)
configure:1999: result: yes
configure:2189: checking whether to enable maintainer-specific portions of Makefiles
configure:2198: result: yes
configure:2224: checking for style of include used by make
configure:2252: result: GNU
configure:2322: checking for gcc
configure:2338: found /usr/bin/gcc
configure:2349: result: gcc
configure:2587: checking for C compiler version
configure:2594: gcc --version >&5
gcc (GCC) 4.2.3 (Ubuntu 4.2.3-2ubuntu7)
Copyright (C) 2007 Free Software Foundation, Inc.
This is free software; see the source for copying conditions.  There is NO
warranty; not even for MERCHANTABILITY or FITNESS FOR A PARTICULAR PURPOSE.

configure:2597: $? = 0
configure:2604: gcc -v >&5
Using built-in specs.
Target: i486-linux-gnu
Configured with: ../src/configure -v --enable-languages=c,c++,fortran,objc,obj-c++,treelang --prefix=/usr --enable-shared --with-system-zlib --libexecdir=/usr/lib --without-included-gettext --enable-threads=posix --enable-nls --with-gxx-include-dir=/usr/include/c++/4.2 --program-suffix=-4.2 --enable-clocale=gnu --enable-libstdcxx-debug --enable-objc-gc --enable-mpfr --enable-targets=all --enable-checking=release --build=i486-linux-gnu --host=i486-linux-gnu --target=i486-linux-gnu
Thread model: posix
gcc version 4.2.3 (Ubuntu 4.2.3-2ubuntu7)
configure:2607: $? = 0
configure:2614: gcc -V >&5
gcc: '-V' option must have argument
configure:2617: $? = 1
configure:2640: checking for C compiler default output file name
configure:2667: gcc    conftest.c  >&5
configure:2670: $? = 0
configure:2708: result: a.out
configure:2725: checking whether the C compiler works
configure:2735: ./a.out
configure:2738: $? = 0
configure:2755: result: yes
configure:2762: checking whether we are cross compiling
configure:2764: result: no
configure:2767: checking for suffix of executables
configure:2774: gcc -o conftest    conftest.c  >&5
configure:2777: $? = 0
configure:2801: result: 
configure:2807: checking for suffix of object files
configure:2833: gcc -c   conftest.c >&5
configure:2836: $? = 0
configure:2859: result: o
configure:2863: checking whether we are using the GNU C compiler
configure:2892: gcc -c   conftest.c >&5
configure:2898: $? = 0
configure:2915: result: yes
configure:2920: checking whether gcc accepts -g
configure:2950: gcc -c -g  conftest.c >&5
configure:2956: $? = 0
configure:3055: result: yes
configure:3072: checking for gcc option to accept ISO C89
configure:3146: gcc  -c -g -O2  conftest.c >&5
configure:3152: $? = 0
configure:3175: result: none needed
configure:3195: checking dependency style of gcc
configure:3286: result: gcc3
configure:3302: checking for library containing strerror
configure:3343: gcc -o conftest -g -O2   conftest.c  >&5
configure:3349: $? = 0
configure:3377: result: none required
configure:3443: checking for g++
configure:3459: found /usr/bin/g++
configure:3470: result: g++
configure:3501: checking for C++ compiler version
configure:3508: g++ --version >&5
g++ (GCC) 4.2.3 (Ubuntu 4.2.3-2ubuntu7)
Copyright (C) 2007 Free Software Foundation, Inc.
This is free software; see the source for copying conditions.  There is NO
warranty; not even for MERCHANTABILITY or FITNESS FOR A PARTICULAR PURPOSE.

configure:3511: $? = 0
configure:3518: g++ -v >&5
Using built-in specs.
Target: i486-linux-gnu
Configured with: ../src/configure -v --enable-languages=c,c++,fortran,objc,obj-c++,treelang --prefix=/usr --enable-shared --with-system-zlib --libexecdir=/usr/lib --without-included-gettext --enable-threads=posix --enable-nls --with-gxx-include-dir=/usr/include/c++/4.2 --program-suffix=-4.2 --enable-clocale=gnu --enable-libstdcxx-debug --enable-objc-gc --enable-mpfr --enable-targets=all --enable-checking=release --build=i486-linux-gnu --host=i486-linux-gnu --target=i486-linux-gnu
Thread model: posix
gcc version 4.2.3 (Ubuntu 4.2.3-2ubuntu7)
configure:3521: $? = 0
configure:3528: g++ -V >&5
g++: '-V' option must have argument
configure:3531: $? = 1
configure:3534: checking whether we are using the GNU C++ compiler
configure:3563: g++ -c   conftest.cpp >&5
configure:3569: $? = 0
configure:3586: result: yes
configure:3591: checking whether g++ accepts -g
configure:3621: g++ -c -g  conftest.cpp >&5
configure:3627: $? = 0
configure:3726: result: yes
configure:3751: checking dependency style of g++
configure:3842: result: gcc3
configure:3905: checking for gcc
configure:3932: result: gcc
configure:4170: checking for C compiler version
configure:4177: gcc --version >&5
gcc (GCC) 4.2.3 (Ubuntu 4.2.3-2ubuntu7)
Copyright (C) 2007 Free Software Foundation, Inc.
This is free software; see the source for copying conditions.  There is NO
warranty; not even for MERCHANTABILITY or FITNESS FOR A PARTICULAR PURPOSE.

configure:4180: $? = 0
configure:4187: gcc -v >&5
Using built-in specs.
Target: i486-linux-gnu
Configured with: ../src/configure -v --enable-languages=c,c++,fortran,objc,obj-c++,treelang --prefix=/usr --enable-shared --with-system-zlib --libexecdir=/usr/lib --without-included-gettext --enable-threads=posix --enable-nls --with-gxx-include-dir=/usr/include/c++/4.2 --program-suffix=-4.2 --enable-clocale=gnu --enable-libstdcxx-debug --enable-objc-gc --enable-mpfr --enable-targets=all --enable-checking=release --build=i486-linux-gnu --host=i486-linux-gnu --target=i486-linux-gnu
Thread model: posix
gcc version 4.2.3 (Ubuntu 4.2.3-2ubuntu7)
configure:4190: $? = 0
configure:4197: gcc -V >&5
gcc: '-V' option must have argument
configure:4200: $? = 1
configure:4203: checking whether we are using the GNU C compiler
configure:4255: result: yes
configure:4260: checking whether gcc accepts -g
configure:4395: result: yes
configure:4412: checking for gcc option to accept ISO C89
configure:4515: result: none needed
configure:4535: checking dependency style of gcc
configure:4626: result: gcc3
configure:4649: checking how to run the C preprocessor
configure:4689: gcc -E  conftest.c
configure:4695: $? = 0
configure:4726: gcc -E  conftest.c
conftest.c:10:28: error: ac_nonexistent.h: No such file or directory
configure:4732: $? = 1
configure: failed program was:
| /* confdefs.h.  */
| #define PACKAGE_NAME "asterix_bazar"
| #define PACKAGE_TARNAME "asterix_bazar"
| #define PACKAGE_VERSION "0.1"
| #define PACKAGE_STRING "asterix_bazar 0.1"
| #define PACKAGE_BUGREPORT ""
| #define PACKAGE "asterix_bazar"
| #define VERSION "0.1"
| /* end confdefs.h.  */
| #include <ac_nonexistent.h>
configure:4765: result: gcc -E
configure:4794: gcc -E  conftest.c
configure:4800: $? = 0
configure:4831: gcc -E  conftest.c
conftest.c:10:28: error: ac_nonexistent.h: No such file or directory
configure:4837: $? = 1
configure: failed program was:
| /* confdefs.h.  */
| #define PACKAGE_NAME "asterix_bazar"
| #define PACKAGE_TARNAME "asterix_bazar"
| #define PACKAGE_VERSION "0.1"
| #define PACKAGE_STRING "asterix_bazar 0.1"
| #define PACKAGE_BUGREPORT ""
| #define PACKAGE "asterix_bazar"
| #define VERSION "0.1"
| /* end confdefs.h.  */
| #include <ac_nonexistent.h>
configure:4875: checking for grep that handles long lines and -e
configure:4949: result: /bin/grep
configure:4954: checking for egrep
configure:5032: result: /bin/grep -E
configure:5037: checking for ANSI C header files
configure:5067: gcc -c -g -O2  conftest.c >&5
configure:5073: $? = 0
configure:5172: gcc -o conftest -g -O2   conftest.c  >&5
configure:5175: $? = 0
configure:5181: ./conftest
configure:5184: $? = 0
configure:5201: result: yes
configure:5359: creating ./config.status

## ---------------------- ##
## Running config.status. ##
## ---------------------- ##

This file was extended by asterix_bazar config.status 0.1, which was
generated by GNU Autoconf 2.61.  Invocation command line was

  CONFIG_FILES    = 
  CONFIG_HEADERS  = 
  CONFIG_LINKS    = 
  CONFIG_COMMANDS = 
  $ ./config.status 

on lks-desktop

config.status:645: creating Makefile
config.status:645: creating src/Makefile
config.status:645: creating config.h
config.status:909: executing depfiles commands

## ---------------- ##
## Cache variables. ##
## ---------------- ##

ac_cv_c_compiler_gnu=yes
ac_cv_cxx_compiler_gnu=yes
ac_cv_env_CCC_set=
ac_cv_env_CCC_value=
ac_cv_env_CC_set=
ac_cv_env_CC_value=
ac_cv_env_CFLAGS_set=
ac_cv_env_CFLAGS_value=
ac_cv_env_CPPFLAGS_set=
ac_cv_env_CPPFLAGS_value=
ac_cv_env_CPP_set=
ac_cv_env_CPP_value=
ac_cv_env_CXXFLAGS_set=
ac_cv_env_CXXFLAGS_value=
ac_cv_env_CXX_set=
ac_cv_env_CXX_value=
ac_cv_env_LDFLAGS_set=
ac_cv_env_LDFLAGS_value=
ac_cv_env_LIBS_set=
ac_cv_env_LIBS_value=
ac_cv_env_build_alias_set=
ac_cv_env_build_alias_value=
ac_cv_env_host_alias_set=
ac_cv_env_host_alias_value=
ac_cv_env_target_alias_set=
ac_cv_env_target_alias_value=
ac_cv_header_stdc=yes
ac_cv_objext=o
ac_cv_path_EGREP='/bin/grep -E'
ac_cv_path_GREP=/bin/grep
ac_cv_path_install='/usr/bin/install -c'
ac_cv_path_mkdir=/bin/mkdir
ac_cv_prog_AWK=mawk
ac_cv_prog_CPP='gcc -E'
ac_cv_prog_ac_ct_CC=gcc
ac_cv_prog_ac_ct_CXX=g++
ac_cv_prog_cc_c89=
ac_cv_prog_cc_g=yes
ac_cv_prog_cxx_g=yes
ac_cv_prog_make_make_set=yes
ac_cv_search_strerror='none required'
am_cv_CC_dependencies_compiler_type=gcc3
am_cv_CXX_dependencies_compiler_type=gcc3
am_cv_prog_cc_stdc=

## ----------------- ##
## Output variables. ##
## ----------------- ##

ACLOCAL='${SHELL} /home/lucas/bazar/asterix-bazar/missing --run aclocal-1.10'
AMDEPBACKSLASH='\'
AMDEP_FALSE='#'
AMDEP_TRUE=''
AMTAR='${SHELL} /home/lucas/bazar/asterix-bazar/missing --run tar'
AUTOCONF='${SHELL} /home/lucas/bazar/asterix-bazar/missing --run autoconf'
AUTOHEADER='${SHELL} /home/lucas/bazar/asterix-bazar/missing --run autoheader'
AUTOMAKE='${SHELL} /home/lucas/bazar/asterix-bazar/missing --run automake-1.10'
AWK='mawk'
CC='gcc'
CCDEPMODE='depmode=gcc3'
CFLAGS='-g -O2'
CPP='gcc -E'
CPPFLAGS=''
CXX='g++'
CXXDEPMODE='depmode=gcc3'
CXXFLAGS='-g -O2'
CYGPATH_W='echo'
DEFS='-DHAVE_CONFIG_H'
DEPDIR='.deps'
ECHO_C=''
ECHO_N='-n'
ECHO_T=''
EGREP='/bin/grep -E'
EXEEXT=''
GREP='/bin/grep'
INSTALL_DATA='${INSTALL} -m 644'
INSTALL_PROGRAM='${INSTALL}'
INSTALL_SCRIPT='${INSTALL}'
INSTALL_STRIP_PROGRAM='$(install_sh) -c -s'
LDFLAGS=''
LIBOBJS=''
LIBS=''
LTLIBOBJS=''
MAINT=''
MAINTAINER_MODE_FALSE='#'
MAINTAINER_MODE_TRUE=''
MAKEINFO='${SHELL} /home/lucas/bazar/asterix-bazar/missing --run makeinfo'
OBJEXT='o'
PACKAGE='asterix_bazar'
PACKAGE_BUGREPORT=''
PACKAGE_NAME='asterix_bazar'
PACKAGE_STRING='asterix_bazar 0.1'
PACKAGE_TARNAME='asterix_bazar'
PACKAGE_VERSION='0.1'
PATH_SEPARATOR=':'
SET_MAKE=''
SHELL='/bin/bash'
STRIP=''
VERSION='0.1'
ac_ct_CC='gcc'
ac_ct_CXX='g++'
am__fastdepCC_FALSE='#'
am__fastdepCC_TRUE=''
am__fastdepCXX_FALSE='#'
am__fastdepCXX_TRUE=''
am__include='include'
am__isrc=''
am__leading_dot='.'
am__quote=''
am__tar='${AMTAR} chof - "$$tardir"'
am__untar='${AMTAR} xf -'
bindir='${exec_prefix}/bin'
build_alias=''
datadir='${datarootdir}'
datarootdir='${prefix}/share'
docdir='${datarootdir}/doc/${PACKAGE_TARNAME}'
dvidir='${docdir}'
exec_prefix='${prefix}'
host_alias=''
htmldir='${docdir}'
includedir='${prefix}/include'
infodir='${datarootdir}/info'
install_sh='$(SHELL) /home/lucas/bazar/asterix-bazar/install-sh'
libdir='${exec_prefix}/lib'
libexecdir='${exec_prefix}/libexec'
localedir='${datarootdir}/locale'
localstatedir='${prefix}/var'
mandir='${datarootdir}/man'
mkdir_p='/bin/mkdir -p'
oldincludedir='/usr/include'
pdfdir='${docdir}'
prefix='/usr/local'
program_transform_name='s,x,x,'
psdir='${docdir}'
sbindir='${exec_prefix}/sbin'
sharedstatedir='${prefix}/com'
sysconfdir='${prefix}/etc'
target_alias=''

## ----------- ##
## confdefs.h. ##
## ----------- ##

#define PACKAGE_NAME "asterix_bazar"
#define PACKAGE_TARNAME "asterix_bazar"
#define PACKAGE_VERSION "0.1"
#define PACKAGE_STRING "asterix_bazar 0.1"
#define PACKAGE_BUGREPORT ""
#define PACKAGE "asterix_bazar"
#define VERSION "0.1"
#define STDC_HEADERS 1

configure: exit 0

## ---------------------- ##
## Running config.status. ##
## ---------------------- ##

This file was extended by asterix_bazar config.status 0.1, which was
generated by GNU Autoconf 2.61.  Invocation command line was

  CONFIG_FILES    = 
  CONFIG_HEADERS  = 
  CONFIG_LINKS    = 
  CONFIG_COMMANDS = 
  $ ./config.status src/Makefile depfiles

on lks-desktop

config.status:645: creating src/Makefile
config.status:909: executing depfiles commands
