This file contains any messages produced by compilers while
running configure, to aid debugging if configure makes a mistake.

It was created by asterix_bazar configure 0.1, which was
generated by GNU Autoconf 2.61.  Invocation command line was

  $ ./configure 

## --------- ##
## Platform. ##
## --------- ##

hostname = lks-desktop
uname -m = i686
uname -r = 2.6.24-16-generic
uname -s = Linux
uname -v = #1 SMP Thu Apr 10 13:23:42 UTC 2008

/usr/bin/uname -p = unknown
/bin/uname -X     = unknown

/bin/arch              = unknown
/usr/bin/arch -k       = unknown
/usr/convex/getsysinfo = unknown
/usr/bin/hostinfo      = unknown
/bin/machine           = unknown
/usr/bin/oslevel       = unknown
/bin/universe          = unknown

PATH: /usr/local/sbin
PATH: /usr/local/bin
PATH: /usr/sbin
PATH: /usr/bin
PATH: /sbin
PATH: /bin
PATH: /usr/games


## ----------- ##
## Core tests. ##
## ----------- ##

configure:1766: checking for a BSD-compatible install
configure:1822: result: /usr/bin/install -c
configure:1833: checking whether build environment is sane
configure:1876: result: yes
configure:1904: checking for a thread-safe mkdir -p
configure:1943: result: /bin/mkdir -p
configure:1956: checking for gawk
configure:1986: result: no
configure:1956: checking for mawk
configure:1972: found /usr/bin/mawk
configure:1983: result: mawk
configure:1994: checking whether make sets $(MAKE)
configure:2015: result: yes
configure:2205: checking whether to enable maintainer-specific portions of Makefiles
configure:2214: result: no
configure:2240: checking for style of include used by make
configure:2268: result: GNU
configure:2338: checking for gcc
configure:2354: found /usr/bin/gcc
configure:2365: result: gcc
configure:2603: checking for C compiler version
configure:2610: gcc --version >&5
gcc (GCC) 4.2.3 (Ubuntu 4.2.3-2ubuntu7)
Copyright (C) 2007 Free Software Foundation, Inc.
This is free software; see the source for copying conditions.  There is NO
warranty; not even for MERCHANTABILITY or FITNESS FOR A PARTICULAR PURPOSE.

configure:2613: $? = 0
configure:2620: gcc -v >&5
Using built-in specs.
Target: i486-linux-gnu
Configured with: ../src/configure -v --enable-languages=c,c++,fortran,objc,obj-c++,treelang --prefix=/usr --enable-shared --with-system-zlib --libexecdir=/usr/lib --without-included-gettext --enable-threads=posix --enable-nls --with-gxx-include-dir=/usr/include/c++/4.2 --program-suffix=-4.2 --enable-clocale=gnu --enable-libstdcxx-debug --enable-objc-gc --enable-mpfr --enable-targets=all --enable-checking=release --build=i486-linux-gnu --host=i486-linux-gnu --target=i486-linux-gnu
Thread model: posix
gcc version 4.2.3 (Ubuntu 4.2.3-2ubuntu7)
configure:2623: $? = 0
configure:2630: gcc -V >&5
gcc: '-V' option must have argument
configure:2633: $? = 1
configure:2656: checking for C compiler default output file name
configure:2683: gcc    conftest.c  >&5
configure:2686: $? = 0
configure:2724: result: a.out
configure:2741: checking whether the C compiler works
configure:2751: ./a.out
configure:2754: $? = 0
configure:2771: result: yes
configure:2778: checking whether we are cross compiling
configure:2780: result: no
configure:2783: checking for suffix of executables
configure:2790: gcc -o conftest    conftest.c  >&5
configure:2793: $? = 0
configure:2817: result: 
configure:2823: checking for suffix of object files
configure:2849: gcc -c   conftest.c >&5
configure:2852: $? = 0
configure:2875: result: o
configure:2879: checking whether we are using the GNU C compiler
configure:2908: gcc -c   conftest.c >&5
configure:2914: $? = 0
configure:2931: result: yes
configure:2936: checking whether gcc accepts -g
configure:2966: gcc -c -g  conftest.c >&5
configure:2972: $? = 0
configure:3071: result: yes
configure:3088: checking for gcc option to accept ISO C89
configure:3162: gcc  -c -g -O2  conftest.c >&5
configure:3168: $? = 0
configure:3191: result: none needed
configure:3211: checking dependency style of gcc
configure:3302: result: gcc3
configure:3318: checking for library containing strerror
configure:3359: gcc -o conftest -g -O2   conftest.c  >&5
configure:3365: $? = 0
configure:3393: result: none required
configure:3459: checking for g++
configure:3475: found /usr/bin/g++
configure:3486: result: g++
configure:3517: checking for C++ compiler version
configure:3524: g++ --version >&5
g++ (GCC) 4.2.3 (Ubuntu 4.2.3-2ubuntu7)
Copyright (C) 2007 Free Software Foundation, Inc.
This is free software; see the source for copying conditions.  There is NO
warranty; not even for MERCHANTABILITY or FITNESS FOR A PARTICULAR PURPOSE.

configure:3527: $? = 0
configure:3534: g++ -v >&5
Using built-in specs.
Target: i486-linux-gnu
Configured with: ../src/configure -v --enable-languages=c,c++,fortran,objc,obj-c++,treelang --prefix=/usr --enable-shared --with-system-zlib --libexecdir=/usr/lib --without-included-gettext --enable-threads=posix --enable-nls --with-gxx-include-dir=/usr/include/c++/4.2 --program-suffix=-4.2 --enable-clocale=gnu --enable-libstdcxx-debug --enable-objc-gc --enable-mpfr --enable-targets=all --enable-checking=release --build=i486-linux-gnu --host=i486-linux-gnu --target=i486-linux-gnu
Thread model: posix
gcc version 4.2.3 (Ubuntu 4.2.3-2ubuntu7)
configure:3537: $? = 0
configure:3544: g++ -V >&5
g++: '-V' option must have argument
configure:3547: $? = 1
configure:3550: checking whether we are using the GNU C++ compiler
configure:3579: g++ -c   conftest.cpp >&5
configure:3585: $? = 0
configure:3602: result: yes
configure:3607: checking whether g++ accepts -g
configure:3637: g++ -c -g  conftest.cpp >&5
configure:3643: $? = 0
configure:3742: result: yes
configure:3767: checking dependency style of g++
configure:3858: result: gcc3
configure:3921: checking for gcc
configure:3948: result: gcc
configure:4186: checking for C compiler version
configure:4193: gcc --version >&5
gcc (GCC) 4.2.3 (Ubuntu 4.2.3-2ubuntu7)
Copyright (C) 2007 Free Software Foundation, Inc.
This is free software; see the source for copying conditions.  There is NO
warranty; not even for MERCHANTABILITY or FITNESS FOR A PARTICULAR PURPOSE.

configure:4196: $? = 0
configure:4203: gcc -v >&5
Using built-in specs.
Target: i486-linux-gnu
Configured with: ../src/configure -v --enable-languages=c,c++,fortran,objc,obj-c++,treelang --prefix=/usr --enable-shared --with-system-zlib --libexecdir=/usr/lib --without-included-gettext --enable-threads=posix --enable-nls --with-gxx-include-dir=/usr/include/c++/4.2 --program-suffix=-4.2 --enable-clocale=gnu --enable-libstdcxx-debug --enable-objc-gc --enable-mpfr --enable-targets=all --enable-checking=release --build=i486-linux-gnu --host=i486-linux-gnu --target=i486-linux-gnu
Thread model: posix
gcc version 4.2.3 (Ubuntu 4.2.3-2ubuntu7)
configure:4206: $? = 0
configure:4213: gcc -V >&5
gcc: '-V' option must have argument
configure:4216: $? = 1
configure:4219: checking whether we are using the GNU C compiler
configure:4271: result: yes
configure:4276: checking whether gcc accepts -g
configure:4411: result: yes
configure:4428: checking for gcc option to accept ISO C89
configure:4531: result: none needed
configure:4551: checking dependency style of gcc
configure:4642: result: gcc3
configure:4665: checking how to run the C preprocessor
configure:4705: gcc -E  conftest.c
configure:4711: $? = 0
configure:4742: gcc -E  conftest.c
conftest.c:10:28: error: ac_nonexistent.h: No such file or directory
configure:4748: $? = 1
configure: failed program was:
| /* confdefs.h.  */
| #define PACKAGE_NAME "asterix_bazar"
| #define PACKAGE_TARNAME "asterix_bazar"
| #define PACKAGE_VERSION "0.1"
| #define PACKAGE_STRING "asterix_bazar 0.1"
| #define PACKAGE_BUGREPORT ""
| #define PACKAGE "asterix_bazar"
| #define VERSION "0.1"
| /* end confdefs.h.  */
| #include <ac_nonexistent.h>
configure:4781: result: gcc -E
configure:4810: gcc -E  conftest.c
configure:4816: $? = 0
configure:4847: gcc -E  conftest.c
conftest.c:10:28: error: ac_nonexistent.h: No such file or directory
configure:4853: $? = 1
configure: failed program was:
| /* confdefs.h.  */
| #define PACKAGE_NAME "asterix_bazar"
| #define PACKAGE_TARNAME "asterix_bazar"
| #define PACKAGE_VERSION "0.1"
| #define PACKAGE_STRING "asterix_bazar 0.1"
| #define PACKAGE_BUGREPORT ""
| #define PACKAGE "asterix_bazar"
| #define VERSION "0.1"
| /* end confdefs.h.  */
| #include <ac_nonexistent.h>
configure:4891: checking for grep that handles long lines and -e
configure:4965: result: /bin/grep
configure:4970: checking for egrep
configure:5048: result: /bin/grep -E
configure:5053: checking for ANSI C header files
configure:5083: gcc -c -g -O2  conftest.c >&5
configure:5089: $? = 0
configure:5188: gcc -o conftest -g -O2   conftest.c  >&5
configure:5191: $? = 0
configure:5197: ./conftest
configure:5200: $? = 0
configure:5217: result: yes
configure:5270: checking for ranlib
configure:5286: found /usr/bin/ranlib
configure:5297: result: ranlib
configure:5382: checking for pkg-config
configure:5400: found /usr/bin/pkg-config
configure:5412: result: /usr/bin/pkg-config
configure:5441: checking pkg-config is at least version 0.9.0
configure:5444: result: yes
configure:5455: checking for PACKAGE
configure:5463: $PKG_CONFIG --exists --print-errors "libxml-2.0 libxml++-2.6 glibmm-2.4"
configure:5466: $? = 0
configure:5481: $PKG_CONFIG --exists --print-errors "libxml-2.0 libxml++-2.6 glibmm-2.4"
configure:5484: $? = 0
configure:5560: result: yes
configure:5704: creating ./config.status

## ---------------------- ##
## Running config.status. ##
## ---------------------- ##

This file was extended by asterix_bazar config.status 0.1, which was
generated by GNU Autoconf 2.61.  Invocation command line was

  CONFIG_FILES    = 
  CONFIG_HEADERS  = 
  CONFIG_LINKS    = 
  CONFIG_COMMANDS = 
  $ ./config.status 

on lks-desktop

config.status:651: creating Makefile
config.status:651: creating common/Makefile
config.status:651: creating src/Makefile
config.status:651: creating config.h
config.status:868: config.h is unchanged
config.status:915: executing depfiles commands

## ---------------- ##
## Cache variables. ##
## ---------------- ##

ac_cv_c_compiler_gnu=yes
ac_cv_cxx_compiler_gnu=yes
ac_cv_env_CCC_set=
ac_cv_env_CCC_value=
ac_cv_env_CC_set=
ac_cv_env_CC_value=
ac_cv_env_CFLAGS_set=
ac_cv_env_CFLAGS_value=
ac_cv_env_CPPFLAGS_set=
ac_cv_env_CPPFLAGS_value=
ac_cv_env_CPP_set=
ac_cv_env_CPP_value=
ac_cv_env_CXXFLAGS_set=
ac_cv_env_CXXFLAGS_value=
ac_cv_env_CXX_set=
ac_cv_env_CXX_value=
ac_cv_env_LDFLAGS_set=
ac_cv_env_LDFLAGS_value=
ac_cv_env_LIBS_set=
ac_cv_env_LIBS_value=
ac_cv_env_PACKAGE_CFLAGS_set=
ac_cv_env_PACKAGE_CFLAGS_value=
ac_cv_env_PACKAGE_LIBS_set=
ac_cv_env_PACKAGE_LIBS_value=
ac_cv_env_PKG_CONFIG_set=
ac_cv_env_PKG_CONFIG_value=
ac_cv_env_build_alias_set=
ac_cv_env_build_alias_value=
ac_cv_env_host_alias_set=
ac_cv_env_host_alias_value=
ac_cv_env_target_alias_set=
ac_cv_env_target_alias_value=
ac_cv_header_stdc=yes
ac_cv_objext=o
ac_cv_path_EGREP='/bin/grep -E'
ac_cv_path_GREP=/bin/grep
ac_cv_path_ac_pt_PKG_CONFIG=/usr/bin/pkg-config
ac_cv_path_install='/usr/bin/install -c'
ac_cv_path_mkdir=/bin/mkdir
ac_cv_prog_AWK=mawk
ac_cv_prog_CPP='gcc -E'
ac_cv_prog_ac_ct_CC=gcc
ac_cv_prog_ac_ct_CXX=g++
ac_cv_prog_ac_ct_RANLIB=ranlib
ac_cv_prog_cc_c89=
ac_cv_prog_cc_g=yes
ac_cv_prog_cxx_g=yes
ac_cv_prog_make_make_set=yes
ac_cv_search_strerror='none required'
am_cv_CC_dependencies_compiler_type=gcc3
am_cv_CXX_dependencies_compiler_type=gcc3
am_cv_prog_cc_stdc=
pkg_cv_PACKAGE_CFLAGS='-I/usr/include/libxml2 -I/usr/include/libxml++-2.6 -I/usr/lib/libxml++-2.6/include -I/usr/include/glibmm-2.4 -I/usr/lib/glibmm-2.4/include -I/usr/include/sigc++-2.0 -I/usr/lib/sigc++-2.0/include -I/usr/include/glib-2.0 -I/usr/lib/glib-2.0/include  '
pkg_cv_PACKAGE_LIBS='-lxml++-2.6 -lxml2 -lglibmm-2.4 -lgobject-2.0 -lsigc-2.0 -lglib-2.0  '

## ----------------- ##
## Output variables. ##
## ----------------- ##

ACLOCAL='${SHELL} /home/lucas/asterix-bazar/missing --run aclocal-1.10'
AMDEPBACKSLASH='\'
AMDEP_FALSE='#'
AMDEP_TRUE=''
AMTAR='${SHELL} /home/lucas/asterix-bazar/missing --run tar'
AUTOCONF='${SHELL} /home/lucas/asterix-bazar/missing --run autoconf'
AUTOHEADER='${SHELL} /home/lucas/asterix-bazar/missing --run autoheader'
AUTOMAKE='${SHELL} /home/lucas/asterix-bazar/missing --run automake-1.10'
AWK='mawk'
CC='gcc'
CCDEPMODE='depmode=gcc3'
CFLAGS='-g -O2'
CPP='gcc -E'
CPPFLAGS=''
CXX='g++'
CXXDEPMODE='depmode=gcc3'
CXXFLAGS='-g -O2'
CYGPATH_W='echo'
DEFS='-DHAVE_CONFIG_H'
DEPDIR='.deps'
ECHO_C=''
ECHO_N='-n'
ECHO_T=''
EGREP='/bin/grep -E'
EXEEXT=''
GREP='/bin/grep'
INSTALL_DATA='${INSTALL} -m 644'
INSTALL_PROGRAM='${INSTALL}'
INSTALL_SCRIPT='${INSTALL}'
INSTALL_STRIP_PROGRAM='$(install_sh) -c -s'
LDFLAGS=''
LIBOBJS=''
LIBS=''
LTLIBOBJS=''
MAINT='#'
MAINTAINER_MODE_FALSE=''
MAINTAINER_MODE_TRUE='#'
MAKEINFO='${SHELL} /home/lucas/asterix-bazar/missing --run makeinfo'
OBJEXT='o'
PACKAGE='asterix_bazar'
PACKAGE_BUGREPORT=''
PACKAGE_CFLAGS='-I/usr/include/libxml2 -I/usr/include/libxml++-2.6 -I/usr/lib/libxml++-2.6/include -I/usr/include/glibmm-2.4 -I/usr/lib/glibmm-2.4/include -I/usr/include/sigc++-2.0 -I/usr/lib/sigc++-2.0/include -I/usr/include/glib-2.0 -I/usr/lib/glib-2.0/include  '
PACKAGE_LIBS='-lxml++-2.6 -lxml2 -lglibmm-2.4 -lgobject-2.0 -lsigc-2.0 -lglib-2.0  '
PACKAGE_NAME='asterix_bazar'
PACKAGE_STRING='asterix_bazar 0.1'
PACKAGE_TARNAME='asterix_bazar'
PACKAGE_VERSION='0.1'
PATH_SEPARATOR=':'
PKG_CONFIG='/usr/bin/pkg-config'
RANLIB='ranlib'
SET_MAKE=''
SHELL='/bin/bash'
STRIP=''
VERSION='0.1'
ac_ct_CC='gcc'
ac_ct_CXX='g++'
am__fastdepCC_FALSE='#'
am__fastdepCC_TRUE=''
am__fastdepCXX_FALSE='#'
am__fastdepCXX_TRUE=''
am__include='include'
am__isrc=''
am__leading_dot='.'
am__quote=''
am__tar='${AMTAR} chof - "$$tardir"'
am__untar='${AMTAR} xf -'
bindir='${exec_prefix}/bin'
build_alias=''
datadir='${datarootdir}'
datarootdir='${prefix}/share'
docdir='${datarootdir}/doc/${PACKAGE_TARNAME}'
dvidir='${docdir}'
exec_prefix='${prefix}'
host_alias=''
htmldir='${docdir}'
includedir='${prefix}/include'
infodir='${datarootdir}/info'
install_sh='$(SHELL) /home/lucas/asterix-bazar/install-sh'
libdir='${exec_prefix}/lib'
libexecdir='${exec_prefix}/libexec'
localedir='${datarootdir}/locale'
localstatedir='${prefix}/var'
mandir='${datarootdir}/man'
mkdir_p='/bin/mkdir -p'
oldincludedir='/usr/include'
pdfdir='${docdir}'
prefix='/usr/local'
program_transform_name='s,x,x,'
psdir='${docdir}'
sbindir='${exec_prefix}/sbin'
sharedstatedir='${prefix}/com'
sysconfdir='${prefix}/etc'
target_alias=''
zsxc='jghj'

## ----------- ##
## confdefs.h. ##
## ----------- ##

#define PACKAGE_NAME "asterix_bazar"
#define PACKAGE_TARNAME "asterix_bazar"
#define PACKAGE_VERSION "0.1"
#define PACKAGE_STRING "asterix_bazar 0.1"
#define PACKAGE_BUGREPORT ""
#define PACKAGE "asterix_bazar"
#define VERSION "0.1"
#define STDC_HEADERS 1

configure: exit 0
